#-----------------------------------------------------------
# Vivado v2019.2 (64-bit)
# SW Build 2708876 on Wed Nov  6 21:40:23 MST 2019
# IP Build 2700528 on Thu Nov  7 00:09:20 MST 2019
# Start of session at: Sun Jan  5 12:26:17 2020
# Process ID: 10080
# Current directory: C:/Users/Raymond-Ziyue/Desktop/Proj/JOJO
# Command line: vivado.exe -gui_launcher_event rodinguilauncherevent24364 C:\Users\Raymond-Ziyue\Desktop\Proj\JOJO\JOJO.xpr
# Log file: C:/Users/Raymond-Ziyue/Desktop/Proj/JOJO/vivado.log
# Journal file: C:/Users/Raymond-Ziyue/Desktop/Proj/JOJO\vivado.jou
#-----------------------------------------------------------
start_gui
open_project C:/Users/Raymond-Ziyue/Desktop/Proj/JOJO/JOJO.xpr
Scanning sources...
Finished scanning sources
INFO: [IP_Flow 19-234] Refreshing IP repositories
INFO: [IP_Flow 19-1704] No user IP repositories specified
INFO: [IP_Flow 19-2313] Loaded Vivado IP repository 'C:/Xilinx/Vivado/2019.2/data/ip'.
open_project: Time (s): cpu = 00:00:15 ; elapsed = 00:00:06 . Memory (MB): peak = 744.352 ; gain = 101.789
update_compile_order -fileset sources_1
reset_run synth_1
launch_runs impl_1 -to_step write_bitstream -jobs 6
[Sun Jan  5 12:26:48 2020] Launched synth_1...
Run output will be captured here: C:/Users/Raymond-Ziyue/Desktop/Proj/JOJO/JOJO.runs/synth_1/runme.log
[Sun Jan  5 12:26:49 2020] Launched impl_1...
Run output will be captured here: C:/Users/Raymond-Ziyue/Desktop/Proj/JOJO/JOJO.runs/impl_1/runme.log
open_hw_manager
connect_hw_server -allow_non_jtag
INFO: [Labtools 27-2285] Connecting to hw_server url TCP:localhost:3121
INFO: [Labtools 27-2222] Launching hw_server...
INFO: [Labtools 27-2221] Launch Output:

****** Xilinx hw_server v2019.2
  **** Build date : Nov  6 2019 at 22:12:23
    ** Copyright 1986-2019 Xilinx, Inc. All Rights Reserved.


INFO: [Labtools 27-3415] Connecting to cs_server url TCP:localhost:3042
INFO: [Labtools 27-3417] Launching cs_server...
INFO: [Labtools 27-2221] Launch Output:


****** Xilinx cs_server v2019.2.0
  **** Build date : Nov 07 2019-13:28:22
    ** Copyright 2017-2019 Xilinx, Inc. All Rights Reserved.



connect_hw_server: Time (s): cpu = 00:00:02 ; elapsed = 00:00:16 . Memory (MB): peak = 837.949 ; gain = 19.012
open_hw_target
INFO: [Labtoolstcl 44-466] Opening hw_target localhost:3121/xilinx_tcf/Xilinx/00000000000000
open_hw_target: Time (s): cpu = 00:00:06 ; elapsed = 00:00:06 . Memory (MB): peak = 2069.758 ; gain = 1231.809
current_hw_device [get_hw_devices xc7k160t_0]
refresh_hw_device -update_hw_probes false [lindex [get_hw_devices xc7k160t_0] 0]
ERROR: [Labtools 27-1951] This software does not support this IBERT version 2.00.  Please use IBERT version 3.00 or later.
INFO: [Labtools 27-2302] Device xc7k160t (JTAG device index = 0) is programmed with a design that has 1 IBERT core(s).
ERROR: [Common 17-39] 'refresh_hw_device' failed due to earlier errors.
set_property PROBES.FILE {} [get_hw_devices xc7k160t_0]
set_property FULL_PROBES.FILE {} [get_hw_devices xc7k160t_0]
set_property PROGRAM.FILE {C:/Users/Raymond-Ziyue/Desktop/Proj/JOJO/JOJO.runs/impl_1/Top_module.bit} [get_hw_devices xc7k160t_0]
program_hw_devices [get_hw_devices xc7k160t_0]
INFO: [Labtools 27-3164] End of startup status: HIGH
program_hw_devices: Time (s): cpu = 00:00:08 ; elapsed = 00:00:08 . Memory (MB): peak = 2126.281 ; gain = 0.000
refresh_hw_device [lindex [get_hw_devices xc7k160t_0] 0]
INFO: [Labtools 27-1434] Device xc7k160t (JTAG device index = 0) is programmed with a design that has no supported debug core(s) in it.
close_hw_manager
reset_run synth_1
launch_runs impl_1 -to_step write_bitstream -jobs 6
[Sun Jan  5 12:40:19 2020] Launched synth_1...
Run output will be captured here: C:/Users/Raymond-Ziyue/Desktop/Proj/JOJO/JOJO.runs/synth_1/runme.log
[Sun Jan  5 12:40:19 2020] Launched impl_1...
Run output will be captured here: C:/Users/Raymond-Ziyue/Desktop/Proj/JOJO/JOJO.runs/impl_1/runme.log
launch_runs: Time (s): cpu = 00:00:01 ; elapsed = 00:00:07 . Memory (MB): peak = 2135.969 ; gain = 0.750
open_hw_manager
connect_hw_server -allow_non_jtag
INFO: [Labtools 27-2285] Connecting to hw_server url TCP:localhost:3121
INFO: [Labtools 27-2222] Launching hw_server...
INFO: [Labtools 27-2221] Launch Output:

****** Xilinx hw_server v2019.2
  **** Build date : Nov  6 2019 at 22:12:23
    ** Copyright 1986-2019 Xilinx, Inc. All Rights Reserved.


INFO: [Labtools 27-3415] Connecting to cs_server url TCP:localhost:3042
INFO: [Labtools 27-3417] Launching cs_server...
INFO: [Labtools 27-2221] Launch Output:


****** Xilinx cs_server v2019.2.0
  **** Build date : Nov 07 2019-13:28:22
    ** Copyright 2017-2019 Xilinx, Inc. All Rights Reserved.



connect_hw_server: Time (s): cpu = 00:00:03 ; elapsed = 00:00:16 . Memory (MB): peak = 2184.719 ; gain = 3.359
open_hw_target
INFO: [Labtoolstcl 44-466] Opening hw_target localhost:3121/xilinx_tcf/Xilinx/00000000000000
set_property PROGRAM.FILE {C:/Users/Raymond-Ziyue/Desktop/Proj/JOJO/JOJO.runs/impl_1/Top_module.bit} [get_hw_devices xc7k160t_0]
current_hw_device [get_hw_devices xc7k160t_0]
refresh_hw_device -update_hw_probes false [lindex [get_hw_devices xc7k160t_0] 0]
ERROR: [Labtools 27-1951] This software does not support this IBERT version 2.00.  Please use IBERT version 3.00 or later.
INFO: [Labtools 27-2302] Device xc7k160t (JTAG device index = 0) is programmed with a design that has 1 IBERT core(s).
ERROR: [Common 17-39] 'refresh_hw_device' failed due to earlier errors.
set_property PROBES.FILE {} [get_hw_devices xc7k160t_0]
set_property FULL_PROBES.FILE {} [get_hw_devices xc7k160t_0]
set_property PROGRAM.FILE {C:/Users/Raymond-Ziyue/Desktop/Proj/JOJO/JOJO.runs/impl_1/Top_module.bit} [get_hw_devices xc7k160t_0]
program_hw_devices [get_hw_devices xc7k160t_0]
INFO: [Labtools 27-3164] End of startup status: HIGH
program_hw_devices: Time (s): cpu = 00:00:09 ; elapsed = 00:00:09 . Memory (MB): peak = 2184.719 ; gain = 0.000
refresh_hw_device [lindex [get_hw_devices xc7k160t_0] 0]
INFO: [Labtools 27-1434] Device xc7k160t (JTAG device index = 0) is programmed with a design that has no supported debug core(s) in it.
close_hw_manager
reset_run synth_1
launch_runs impl_1 -to_step write_bitstream -jobs 6
[Sun Jan  5 12:52:47 2020] Launched synth_1...
Run output will be captured here: C:/Users/Raymond-Ziyue/Desktop/Proj/JOJO/JOJO.runs/synth_1/runme.log
[Sun Jan  5 12:52:47 2020] Launched impl_1...
Run output will be captured here: C:/Users/Raymond-Ziyue/Desktop/Proj/JOJO/JOJO.runs/impl_1/runme.log
reset_run impl_1
reset_run synth_1
launch_runs impl_1 -to_step write_bitstream -jobs 6
[Sun Jan  5 12:57:03 2020] Launched synth_1...
Run output will be captured here: C:/Users/Raymond-Ziyue/Desktop/Proj/JOJO/JOJO.runs/synth_1/runme.log
[Sun Jan  5 12:57:04 2020] Launched impl_1...
Run output will be captured here: C:/Users/Raymond-Ziyue/Desktop/Proj/JOJO/JOJO.runs/impl_1/runme.log
reset_run synth_1
launch_runs impl_1 -to_step write_bitstream -jobs 6
[Sun Jan  5 13:02:25 2020] Launched synth_1...
Run output will be captured here: C:/Users/Raymond-Ziyue/Desktop/Proj/JOJO/JOJO.runs/synth_1/runme.log
[Sun Jan  5 13:02:25 2020] Launched impl_1...
Run output will be captured here: C:/Users/Raymond-Ziyue/Desktop/Proj/JOJO/JOJO.runs/impl_1/runme.log
reset_run impl_1
reset_run synth_1
launch_runs impl_1 -to_step write_bitstream -jobs 6
[Sun Jan  5 13:04:07 2020] Launched synth_1...
Run output will be captured here: C:/Users/Raymond-Ziyue/Desktop/Proj/JOJO/JOJO.runs/synth_1/runme.log
[Sun Jan  5 13:04:07 2020] Launched impl_1...
Run output will be captured here: C:/Users/Raymond-Ziyue/Desktop/Proj/JOJO/JOJO.runs/impl_1/runme.log
reset_run impl_1
reset_run synth_1
launch_runs impl_1 -to_step write_bitstream -jobs 6
[Sun Jan  5 13:06:03 2020] Launched synth_1...
Run output will be captured here: C:/Users/Raymond-Ziyue/Desktop/Proj/JOJO/JOJO.runs/synth_1/runme.log
[Sun Jan  5 13:06:03 2020] Launched impl_1...
Run output will be captured here: C:/Users/Raymond-Ziyue/Desktop/Proj/JOJO/JOJO.runs/impl_1/runme.log
open_hw_manager
connect_hw_server -allow_non_jtag
INFO: [Labtools 27-2285] Connecting to hw_server url TCP:localhost:3121
INFO: [Labtools 27-2222] Launching hw_server...
INFO: [Labtools 27-2221] Launch Output:

****** Xilinx hw_server v2019.2
  **** Build date : Nov  6 2019 at 22:12:23
    ** Copyright 1986-2019 Xilinx, Inc. All Rights Reserved.


INFO: [Labtools 27-3415] Connecting to cs_server url TCP:localhost:3042
INFO: [Labtools 27-3417] Launching cs_server...
INFO: [Labtools 27-2221] Launch Output:


****** Xilinx cs_server v2019.2.0
  **** Build date : Nov 07 2019-13:28:22
    ** Copyright 2017-2019 Xilinx, Inc. All Rights Reserved.



connect_hw_server: Time (s): cpu = 00:00:00 ; elapsed = 00:00:08 . Memory (MB): peak = 2233.391 ; gain = 0.207
open_hw_target
INFO: [Labtoolstcl 44-466] Opening hw_target localhost:3121/xilinx_tcf/Xilinx/00000000000000
current_hw_device [get_hw_devices xc7k160t_0]
refresh_hw_device -update_hw_probes false [lindex [get_hw_devices xc7k160t_0] 0]
INFO: [Labtools 27-1434] Device xc7k160t (JTAG device index = 0) is programmed with a design that has no supported debug core(s) in it.
set_property PROBES.FILE {} [get_hw_devices xc7k160t_0]
set_property FULL_PROBES.FILE {} [get_hw_devices xc7k160t_0]
set_property PROGRAM.FILE {C:/Users/Raymond-Ziyue/Desktop/Proj/JOJO/JOJO.runs/impl_1/Top_module.bit} [get_hw_devices xc7k160t_0]
program_hw_devices [get_hw_devices xc7k160t_0]
INFO: [Labtools 27-3164] End of startup status: HIGH
program_hw_devices: Time (s): cpu = 00:00:08 ; elapsed = 00:00:08 . Memory (MB): peak = 2251.125 ; gain = 0.000
refresh_hw_device [lindex [get_hw_devices xc7k160t_0] 0]
INFO: [Labtools 27-1434] Device xc7k160t (JTAG device index = 0) is programmed with a design that has no supported debug core(s) in it.
close_hw_manager
reset_run synth_1
launch_runs impl_1 -to_step write_bitstream -jobs 6
[Sun Jan  5 13:15:30 2020] Launched synth_1...
Run output will be captured here: C:/Users/Raymond-Ziyue/Desktop/Proj/JOJO/JOJO.runs/synth_1/runme.log
[Sun Jan  5 13:15:30 2020] Launched impl_1...
Run output will be captured here: C:/Users/Raymond-Ziyue/Desktop/Proj/JOJO/JOJO.runs/impl_1/runme.log
reset_run synth_1
launch_runs impl_1 -to_step write_bitstream -jobs 6
[Sun Jan  5 13:21:12 2020] Launched synth_1...
Run output will be captured here: C:/Users/Raymond-Ziyue/Desktop/Proj/JOJO/JOJO.runs/synth_1/runme.log
[Sun Jan  5 13:21:12 2020] Launched impl_1...
Run output will be captured here: C:/Users/Raymond-Ziyue/Desktop/Proj/JOJO/JOJO.runs/impl_1/runme.log
launch_runs: Time (s): cpu = 00:00:01 ; elapsed = 00:00:06 . Memory (MB): peak = 2251.125 ; gain = 0.000
reset_run synth_1
launch_runs impl_1 -to_step write_bitstream -jobs 6
[Sun Jan  5 13:22:23 2020] Launched synth_1...
Run output will be captured here: C:/Users/Raymond-Ziyue/Desktop/Proj/JOJO/JOJO.runs/synth_1/runme.log
[Sun Jan  5 13:22:23 2020] Launched impl_1...
Run output will be captured here: C:/Users/Raymond-Ziyue/Desktop/Proj/JOJO/JOJO.runs/impl_1/runme.log
open_hw_manager
connect_hw_server -allow_non_jtag
INFO: [Labtools 27-2285] Connecting to hw_server url TCP:localhost:3121
INFO: [Labtools 27-2222] Launching hw_server...
INFO: [Labtools 27-2221] Launch Output:

****** Xilinx hw_server v2019.2
  **** Build date : Nov  6 2019 at 22:12:23
    ** Copyright 1986-2019 Xilinx, Inc. All Rights Reserved.


INFO: [Labtools 27-3415] Connecting to cs_server url TCP:localhost:3042
INFO: [Labtools 27-3417] Launching cs_server...
INFO: [Labtools 27-2221] Launch Output:


****** Xilinx cs_server v2019.2.0
  **** Build date : Nov 07 2019-13:28:22
    ** Copyright 2017-2019 Xilinx, Inc. All Rights Reserved.



connect_hw_server: Time (s): cpu = 00:00:00 ; elapsed = 00:00:08 . Memory (MB): peak = 2293.719 ; gain = 0.133
open_hw_target
INFO: [Labtoolstcl 44-466] Opening hw_target localhost:3121/xilinx_tcf/Xilinx/00000000000000
set_property PROGRAM.FILE {C:/Users/Raymond-Ziyue/Desktop/Proj/JOJO/JOJO.runs/impl_1/Top_module.bit} [get_hw_devices xc7k160t_0]
current_hw_device [get_hw_devices xc7k160t_0]
refresh_hw_device -update_hw_probes false [lindex [get_hw_devices xc7k160t_0] 0]
INFO: [Labtools 27-1434] Device xc7k160t (JTAG device index = 0) is programmed with a design that has no supported debug core(s) in it.
set_property PROBES.FILE {} [get_hw_devices xc7k160t_0]
set_property FULL_PROBES.FILE {} [get_hw_devices xc7k160t_0]
set_property PROGRAM.FILE {C:/Users/Raymond-Ziyue/Desktop/Proj/JOJO/JOJO.runs/impl_1/Top_module.bit} [get_hw_devices xc7k160t_0]
program_hw_devices [get_hw_devices xc7k160t_0]
INFO: [Labtools 27-3164] End of startup status: HIGH
program_hw_devices: Time (s): cpu = 00:00:09 ; elapsed = 00:00:08 . Memory (MB): peak = 2311.426 ; gain = 0.000
refresh_hw_device [lindex [get_hw_devices xc7k160t_0] 0]
INFO: [Labtools 27-1434] Device xc7k160t (JTAG device index = 0) is programmed with a design that has no supported debug core(s) in it.
close_hw_manager
add_files -norecurse C:/Users/Raymond-Ziyue/Desktop/Proj/JOJO/Framework/MyP2S.v
update_compile_order -fileset sources_1
update_compile_order -fileset sources_1
set_property is_enabled false [get_files  {C:/Users/Raymond-Ziyue/Desktop/Proj/JOJO/Framework/P2S.ngc C:/Users/Raymond-Ziyue/Desktop/Proj/JOJO/Framework/P2S_IO.v}]
reset_run synth_1
launch_runs impl_1 -to_step write_bitstream -jobs 6
[Sun Jan  5 13:32:29 2020] Launched synth_1...
Run output will be captured here: C:/Users/Raymond-Ziyue/Desktop/Proj/JOJO/JOJO.runs/synth_1/runme.log
[Sun Jan  5 13:32:29 2020] Launched impl_1...
Run output will be captured here: C:/Users/Raymond-Ziyue/Desktop/Proj/JOJO/JOJO.runs/impl_1/runme.log
reset_run synth_1
launch_runs impl_1 -to_step write_bitstream -jobs 6
INFO: [Common 17-41] Interrupt caught. Command should exit soon.
INFO: [Common 17-344] 'launch_runs' was cancelled
launch_runs impl_1 -to_step write_bitstream -jobs 6
[Sun Jan  5 13:34:46 2020] Launched synth_1...
Run output will be captured here: C:/Users/Raymond-Ziyue/Desktop/Proj/JOJO/JOJO.runs/synth_1/runme.log
[Sun Jan  5 13:34:46 2020] Launched impl_1...
Run output will be captured here: C:/Users/Raymond-Ziyue/Desktop/Proj/JOJO/JOJO.runs/impl_1/runme.log
open_hw_manager
connect_hw_server -allow_non_jtag
INFO: [Labtools 27-2285] Connecting to hw_server url TCP:localhost:3121
INFO: [Labtools 27-2222] Launching hw_server...
INFO: [Labtools 27-2221] Launch Output:

****** Xilinx hw_server v2019.2
  **** Build date : Nov  6 2019 at 22:12:23
    ** Copyright 1986-2019 Xilinx, Inc. All Rights Reserved.


INFO: [Labtools 27-3415] Connecting to cs_server url TCP:localhost:3042
INFO: [Labtools 27-3417] Launching cs_server...
INFO: [Labtools 27-2221] Launch Output:


****** Xilinx cs_server v2019.2.0
  **** Build date : Nov 07 2019-13:28:22
    ** Copyright 2017-2019 Xilinx, Inc. All Rights Reserved.



connect_hw_server: Time (s): cpu = 00:00:01 ; elapsed = 00:00:08 . Memory (MB): peak = 2405.250 ; gain = 0.000
open_hw_target
INFO: [Labtoolstcl 44-466] Opening hw_target localhost:3121/xilinx_tcf/Xilinx/00000000000000
current_hw_device [get_hw_devices xc7k160t_0]
refresh_hw_device -update_hw_probes false [lindex [get_hw_devices xc7k160t_0] 0]
INFO: [Labtools 27-1434] Device xc7k160t (JTAG device index = 0) is programmed with a design that has no supported debug core(s) in it.
set_property PROBES.FILE {} [get_hw_devices xc7k160t_0]
set_property FULL_PROBES.FILE {} [get_hw_devices xc7k160t_0]
set_property PROGRAM.FILE {C:/Users/Raymond-Ziyue/Desktop/Proj/JOJO/JOJO.runs/impl_1/Top_module.bit} [get_hw_devices xc7k160t_0]
program_hw_devices [get_hw_devices xc7k160t_0]
INFO: [Labtools 27-3164] End of startup status: HIGH
program_hw_devices: Time (s): cpu = 00:00:09 ; elapsed = 00:00:09 . Memory (MB): peak = 2405.250 ; gain = 0.000
refresh_hw_device [lindex [get_hw_devices xc7k160t_0] 0]
INFO: [Labtools 27-1434] Device xc7k160t (JTAG device index = 0) is programmed with a design that has no supported debug core(s) in it.
close_hw_manager
export_ip_user_files -of_objects  [get_files C:/Users/Raymond-Ziyue/Desktop/Proj/JOJO/Framework/MyP2S.v] -no_script -reset -force -quiet
remove_files  C:/Users/Raymond-Ziyue/Desktop/Proj/JOJO/Framework/MyP2S.v
set_property is_enabled true [get_files  {C:/Users/Raymond-Ziyue/Desktop/Proj/JOJO/Framework/P2S.ngc C:/Users/Raymond-Ziyue/Desktop/Proj/JOJO/Framework/P2S_IO.v}]
update_compile_order -fileset sources_1
update_compile_order -fileset sources_1
reset_run synth_1
launch_runs impl_1 -to_step write_bitstream -jobs 6
INFO: [Common 17-41] Interrupt caught. Command should exit soon.
launch_runs: Time (s): cpu = 00:00:00 ; elapsed = 00:00:06 . Memory (MB): peak = 2405.250 ; gain = 0.000
INFO: [Common 17-344] 'launch_runs' was cancelled
launch_runs impl_1 -to_step write_bitstream -jobs 6
[Sun Jan  5 13:46:58 2020] Launched synth_1...
Run output will be captured here: C:/Users/Raymond-Ziyue/Desktop/Proj/JOJO/JOJO.runs/synth_1/runme.log
[Sun Jan  5 13:46:58 2020] Launched impl_1...
Run output will be captured here: C:/Users/Raymond-Ziyue/Desktop/Proj/JOJO/JOJO.runs/impl_1/runme.log
reset_run impl_1
reset_run synth_1
launch_runs impl_1 -to_step write_bitstream -jobs 6
[Sun Jan  5 13:49:07 2020] Launched synth_1...
Run output will be captured here: C:/Users/Raymond-Ziyue/Desktop/Proj/JOJO/JOJO.runs/synth_1/runme.log
[Sun Jan  5 13:49:07 2020] Launched impl_1...
Run output will be captured here: C:/Users/Raymond-Ziyue/Desktop/Proj/JOJO/JOJO.runs/impl_1/runme.log
open_hw_manager
connect_hw_server -allow_non_jtag
INFO: [Labtools 27-2285] Connecting to hw_server url TCP:localhost:3121
INFO: [Labtools 27-2222] Launching hw_server...
INFO: [Labtools 27-2221] Launch Output:

****** Xilinx hw_server v2019.2
  **** Build date : Nov  6 2019 at 22:12:23
    ** Copyright 1986-2019 Xilinx, Inc. All Rights Reserved.


INFO: [Labtools 27-3415] Connecting to cs_server url TCP:localhost:3042
INFO: [Labtools 27-3417] Launching cs_server...
INFO: [Labtools 27-2221] Launch Output:


****** Xilinx cs_server v2019.2.0
  **** Build date : Nov 07 2019-13:28:22
    ** Copyright 2017-2019 Xilinx, Inc. All Rights Reserved.



connect_hw_server: Time (s): cpu = 00:00:01 ; elapsed = 00:00:09 . Memory (MB): peak = 2405.250 ; gain = 0.000
open_hw_target
INFO: [Labtoolstcl 44-466] Opening hw_target localhost:3121/xilinx_tcf/Xilinx/00000000000000
set_property PROGRAM.FILE {C:/Users/Raymond-Ziyue/Desktop/Proj/JOJO/JOJO.runs/impl_1/Top_module.bit} [get_hw_devices xc7k160t_0]
current_hw_device [get_hw_devices xc7k160t_0]
refresh_hw_device -update_hw_probes false [lindex [get_hw_devices xc7k160t_0] 0]
INFO: [Labtools 27-1434] Device xc7k160t (JTAG device index = 0) is programmed with a design that has no supported debug core(s) in it.
set_property PROBES.FILE {} [get_hw_devices xc7k160t_0]
set_property FULL_PROBES.FILE {} [get_hw_devices xc7k160t_0]
set_property PROGRAM.FILE {C:/Users/Raymond-Ziyue/Desktop/Proj/JOJO/JOJO.runs/impl_1/Top_module.bit} [get_hw_devices xc7k160t_0]
program_hw_devices [get_hw_devices xc7k160t_0]
INFO: [Labtools 27-3164] End of startup status: HIGH
program_hw_devices: Time (s): cpu = 00:00:09 ; elapsed = 00:00:08 . Memory (MB): peak = 2405.250 ; gain = 0.000
refresh_hw_device [lindex [get_hw_devices xc7k160t_0] 0]
INFO: [Labtools 27-1434] Device xc7k160t (JTAG device index = 0) is programmed with a design that has no supported debug core(s) in it.
ERROR: [Labtoolstcl 44-513] HW Target shutdown. Closing target: localhost:3121/xilinx_tcf/Xilinx/00000000000000
INFO: [Labtoolstcl 44-466] Opening hw_target localhost:3121/xilinx_tcf/Xilinx/00000000000000
INFO: [Labtools 27-1434] Device xc7k160t (JTAG device index = 0) is programmed with a design that has no supported debug core(s) in it.
WARNING: [Labtoolstcl 44-129] No matching hw_ila_data was found.
close_hw_manager
reset_run synth_1
launch_runs impl_1 -to_step write_bitstream -jobs 6
[Sun Jan  5 14:05:07 2020] Launched synth_1...
Run output will be captured here: C:/Users/Raymond-Ziyue/Desktop/Proj/JOJO/JOJO.runs/synth_1/runme.log
[Sun Jan  5 14:05:07 2020] Launched impl_1...
Run output will be captured here: C:/Users/Raymond-Ziyue/Desktop/Proj/JOJO/JOJO.runs/impl_1/runme.log
open_hw_manager
connect_hw_server -allow_non_jtag
INFO: [Labtools 27-2285] Connecting to hw_server url TCP:localhost:3121
INFO: [Labtools 27-2222] Launching hw_server...
INFO: [Labtools 27-2221] Launch Output:

****** Xilinx hw_server v2019.2
  **** Build date : Nov  6 2019 at 22:12:23
    ** Copyright 1986-2019 Xilinx, Inc. All Rights Reserved.


INFO: [Labtools 27-3415] Connecting to cs_server url TCP:localhost:3042
INFO: [Labtools 27-3417] Launching cs_server...
INFO: [Labtools 27-2221] Launch Output:


****** Xilinx cs_server v2019.2.0
  **** Build date : Nov 07 2019-13:28:22
    ** Copyright 2017-2019 Xilinx, Inc. All Rights Reserved.



connect_hw_server: Time (s): cpu = 00:00:00 ; elapsed = 00:00:08 . Memory (MB): peak = 2405.250 ; gain = 0.000
open_hw_target
INFO: [Labtoolstcl 44-466] Opening hw_target localhost:3121/xilinx_tcf/Xilinx/00000000000000
current_hw_device [get_hw_devices xc7k160t_0]
refresh_hw_device -update_hw_probes false [lindex [get_hw_devices xc7k160t_0] 0]
INFO: [Labtools 27-1434] Device xc7k160t (JTAG device index = 0) is programmed with a design that has no supported debug core(s) in it.
set_property PROBES.FILE {} [get_hw_devices xc7k160t_0]
set_property FULL_PROBES.FILE {} [get_hw_devices xc7k160t_0]
set_property PROGRAM.FILE {C:/Users/Raymond-Ziyue/Desktop/Proj/JOJO/JOJO.runs/impl_1/Top_module.bit} [get_hw_devices xc7k160t_0]
program_hw_devices [get_hw_devices xc7k160t_0]
INFO: [Labtools 27-3164] End of startup status: HIGH
program_hw_devices: Time (s): cpu = 00:00:09 ; elapsed = 00:00:09 . Memory (MB): peak = 2405.250 ; gain = 0.000
refresh_hw_device [lindex [get_hw_devices xc7k160t_0] 0]
INFO: [Labtools 27-1434] Device xc7k160t (JTAG device index = 0) is programmed with a design that has no supported debug core(s) in it.
close_hw_manager
reset_run synth_1
launch_runs impl_1 -to_step write_bitstream -jobs 6
[Sun Jan  5 14:15:39 2020] Launched synth_1...
Run output will be captured here: C:/Users/Raymond-Ziyue/Desktop/Proj/JOJO/JOJO.runs/synth_1/runme.log
[Sun Jan  5 14:15:39 2020] Launched impl_1...
Run output will be captured here: C:/Users/Raymond-Ziyue/Desktop/Proj/JOJO/JOJO.runs/impl_1/runme.log
launch_runs: Time (s): cpu = 00:00:01 ; elapsed = 00:00:09 . Memory (MB): peak = 2405.250 ; gain = 0.000
reset_run synth_1
launch_runs impl_1 -to_step write_bitstream -jobs 6
[Sun Jan  5 14:33:42 2020] Launched synth_1...
Run output will be captured here: C:/Users/Raymond-Ziyue/Desktop/Proj/JOJO/JOJO.runs/synth_1/runme.log
[Sun Jan  5 14:33:42 2020] Launched impl_1...
Run output will be captured here: C:/Users/Raymond-Ziyue/Desktop/Proj/JOJO/JOJO.runs/impl_1/runme.log
launch_runs: Time (s): cpu = 00:00:01 ; elapsed = 00:00:07 . Memory (MB): peak = 2405.250 ; gain = 0.000
reset_run synth_1
launch_runs impl_1 -to_step write_bitstream -jobs 6
[Sun Jan  5 14:34:33 2020] Launched synth_1...
Run output will be captured here: C:/Users/Raymond-Ziyue/Desktop/Proj/JOJO/JOJO.runs/synth_1/runme.log
[Sun Jan  5 14:34:33 2020] Launched impl_1...
Run output will be captured here: C:/Users/Raymond-Ziyue/Desktop/Proj/JOJO/JOJO.runs/impl_1/runme.log
reset_run synth_1
launch_runs impl_1 -to_step write_bitstream -jobs 6
[Sun Jan  5 14:46:48 2020] Launched synth_1...
Run output will be captured here: C:/Users/Raymond-Ziyue/Desktop/Proj/JOJO/JOJO.runs/synth_1/runme.log
[Sun Jan  5 14:46:48 2020] Launched impl_1...
Run output will be captured here: C:/Users/Raymond-Ziyue/Desktop/Proj/JOJO/JOJO.runs/impl_1/runme.log
launch_runs: Time (s): cpu = 00:00:01 ; elapsed = 00:00:07 . Memory (MB): peak = 2405.250 ; gain = 0.000
open_hw_manager
connect_hw_server -allow_non_jtag
INFO: [Labtools 27-2285] Connecting to hw_server url TCP:localhost:3121
INFO: [Labtools 27-2222] Launching hw_server...
INFO: [Labtools 27-2221] Launch Output:

****** Xilinx hw_server v2019.2
  **** Build date : Nov  6 2019 at 22:12:23
    ** Copyright 1986-2019 Xilinx, Inc. All Rights Reserved.


INFO: [Labtools 27-3415] Connecting to cs_server url TCP:localhost:3042
INFO: [Labtools 27-3417] Launching cs_server...
INFO: [Labtools 27-2221] Launch Output:


****** Xilinx cs_server v2019.2.0
  **** Build date : Nov 07 2019-13:28:22
    ** Copyright 2017-2019 Xilinx, Inc. All Rights Reserved.



connect_hw_server: Time (s): cpu = 00:00:01 ; elapsed = 00:00:08 . Memory (MB): peak = 2405.250 ; gain = 0.000
open_hw_target
INFO: [Labtoolstcl 44-466] Opening hw_target localhost:3121/xilinx_tcf/Xilinx/00000000000000
set_property PROGRAM.FILE {C:/Users/Raymond-Ziyue/Desktop/Proj/JOJO/JOJO.runs/impl_1/Top_module.bit} [get_hw_devices xc7k160t_0]
current_hw_device [get_hw_devices xc7k160t_0]
refresh_hw_device -update_hw_probes false [lindex [get_hw_devices xc7k160t_0] 0]
INFO: [Labtools 27-1434] Device xc7k160t (JTAG device index = 0) is programmed with a design that has no supported debug core(s) in it.
set_property PROBES.FILE {} [get_hw_devices xc7k160t_0]
set_property FULL_PROBES.FILE {} [get_hw_devices xc7k160t_0]
set_property PROGRAM.FILE {C:/Users/Raymond-Ziyue/Desktop/Proj/JOJO/JOJO.runs/impl_1/Top_module.bit} [get_hw_devices xc7k160t_0]
program_hw_devices [get_hw_devices xc7k160t_0]
INFO: [Labtools 27-3164] End of startup status: HIGH
program_hw_devices: Time (s): cpu = 00:00:08 ; elapsed = 00:00:08 . Memory (MB): peak = 2405.250 ; gain = 0.000
refresh_hw_device [lindex [get_hw_devices xc7k160t_0] 0]
INFO: [Labtools 27-1434] Device xc7k160t (JTAG device index = 0) is programmed with a design that has no supported debug core(s) in it.
close_hw_manager
reset_run synth_1
launch_runs impl_1 -to_step write_bitstream -jobs 6
[Sun Jan  5 15:00:16 2020] Launched synth_1...
Run output will be captured here: C:/Users/Raymond-Ziyue/Desktop/Proj/JOJO/JOJO.runs/synth_1/runme.log
[Sun Jan  5 15:00:16 2020] Launched impl_1...
Run output will be captured here: C:/Users/Raymond-Ziyue/Desktop/Proj/JOJO/JOJO.runs/impl_1/runme.log
launch_runs: Time (s): cpu = 00:00:00 ; elapsed = 00:00:06 . Memory (MB): peak = 2405.250 ; gain = 0.000
reset_run synth_1
launch_runs impl_1 -to_step write_bitstream -jobs 6
[Sun Jan  5 15:01:19 2020] Launched synth_1...
Run output will be captured here: C:/Users/Raymond-Ziyue/Desktop/Proj/JOJO/JOJO.runs/synth_1/runme.log
[Sun Jan  5 15:01:19 2020] Launched impl_1...
Run output will be captured here: C:/Users/Raymond-Ziyue/Desktop/Proj/JOJO/JOJO.runs/impl_1/runme.log
open_hw_manager
connect_hw_server -allow_non_jtag
INFO: [Labtools 27-2285] Connecting to hw_server url TCP:localhost:3121
INFO: [Labtools 27-2222] Launching hw_server...
INFO: [Labtools 27-2221] Launch Output:

****** Xilinx hw_server v2019.2
  **** Build date : Nov  6 2019 at 22:12:23
    ** Copyright 1986-2019 Xilinx, Inc. All Rights Reserved.


INFO: [Labtools 27-3415] Connecting to cs_server url TCP:localhost:3042
INFO: [Labtools 27-3417] Launching cs_server...
INFO: [Labtools 27-2221] Launch Output:


****** Xilinx cs_server v2019.2.0
  **** Build date : Nov 07 2019-13:28:22
    ** Copyright 2017-2019 Xilinx, Inc. All Rights Reserved.



connect_hw_server: Time (s): cpu = 00:00:01 ; elapsed = 00:00:08 . Memory (MB): peak = 2405.250 ; gain = 0.000
open_hw_target
INFO: [Labtoolstcl 44-466] Opening hw_target localhost:3121/xilinx_tcf/Xilinx/00000000000000
set_property PROGRAM.FILE {C:/Users/Raymond-Ziyue/Desktop/Proj/JOJO/JOJO.runs/impl_1/Top_module.bit} [get_hw_devices xc7k160t_0]
current_hw_device [get_hw_devices xc7k160t_0]
refresh_hw_device -update_hw_probes false [lindex [get_hw_devices xc7k160t_0] 0]
INFO: [Labtools 27-1434] Device xc7k160t (JTAG device index = 0) is programmed with a design that has no supported debug core(s) in it.
set_property PROBES.FILE {} [get_hw_devices xc7k160t_0]
set_property FULL_PROBES.FILE {} [get_hw_devices xc7k160t_0]
set_property PROGRAM.FILE {C:/Users/Raymond-Ziyue/Desktop/Proj/JOJO/JOJO.runs/impl_1/Top_module.bit} [get_hw_devices xc7k160t_0]
program_hw_devices [get_hw_devices xc7k160t_0]
INFO: [Labtools 27-3164] End of startup status: HIGH
program_hw_devices: Time (s): cpu = 00:00:09 ; elapsed = 00:00:09 . Memory (MB): peak = 2405.250 ; gain = 0.000
refresh_hw_device [lindex [get_hw_devices xc7k160t_0] 0]
INFO: [Labtools 27-1434] Device xc7k160t (JTAG device index = 0) is programmed with a design that has no supported debug core(s) in it.
reset_run synth_1
launch_runs impl_1 -to_step write_bitstream -jobs 6
[Sun Jan  5 15:10:45 2020] Launched synth_1...
Run output will be captured here: C:/Users/Raymond-Ziyue/Desktop/Proj/JOJO/JOJO.runs/synth_1/runme.log
[Sun Jan  5 15:10:45 2020] Launched impl_1...
Run output will be captured here: C:/Users/Raymond-Ziyue/Desktop/Proj/JOJO/JOJO.runs/impl_1/runme.log
launch_runs: Time (s): cpu = 00:00:01 ; elapsed = 00:00:10 . Memory (MB): peak = 2405.250 ; gain = 0.000
set_property PROBES.FILE {} [get_hw_devices xc7k160t_0]
set_property FULL_PROBES.FILE {} [get_hw_devices xc7k160t_0]
set_property PROGRAM.FILE {C:/Users/Raymond-Ziyue/Desktop/Proj/JOJO/JOJO.runs/impl_1/Top_module.bit} [get_hw_devices xc7k160t_0]
program_hw_devices [get_hw_devices xc7k160t_0]
INFO: [Labtools 27-3164] End of startup status: HIGH
program_hw_devices: Time (s): cpu = 00:00:09 ; elapsed = 00:00:09 . Memory (MB): peak = 2405.250 ; gain = 0.000
refresh_hw_device [lindex [get_hw_devices xc7k160t_0] 0]
INFO: [Labtools 27-1434] Device xc7k160t (JTAG device index = 0) is programmed with a design that has no supported debug core(s) in it.
ERROR: [Labtoolstcl 44-513] HW Target shutdown. Closing target: localhost:3121/xilinx_tcf/Xilinx/00000000000000
close_hw_manager
exit
INFO: [Common 17-206] Exiting Vivado at Sun Jan  5 18:29:24 2020...
