#-----------------------------------------------------------
# Vivado v2019.2 (64-bit)
# SW Build 2708876 on Wed Nov  6 21:40:23 MST 2019
# IP Build 2700528 on Thu Nov  7 00:09:20 MST 2019
# Start of session at: Sat Jan  4 14:00:27 2020
# Process ID: 14244
# Current directory: C:/Users/Raymond-Ziyue/Desktop/JOJO
# Command line: vivado.exe -gui_launcher_event rodinguilauncherevent10128 C:\Users\Raymond-Ziyue\Desktop\JOJO\JOJO.xpr
# Log file: C:/Users/Raymond-Ziyue/Desktop/JOJO/vivado.log
# Journal file: C:/Users/Raymond-Ziyue/Desktop/JOJO\vivado.jou
#-----------------------------------------------------------
start_gui
open_project C:/Users/Raymond-Ziyue/Desktop/JOJO/JOJO.xpr
Scanning sources...
Finished scanning sources
INFO: [IP_Flow 19-234] Refreshing IP repositories
INFO: [IP_Flow 19-1704] No user IP repositories specified
INFO: [IP_Flow 19-2313] Loaded Vivado IP repository 'C:/Xilinx/Vivado/2019.2/data/ip'.
open_project: Time (s): cpu = 00:00:15 ; elapsed = 00:00:07 . Memory (MB): peak = 752.004 ; gain = 115.977
update_compile_order -fileset sources_1
exit
INFO: [Common 17-206] Exiting Vivado at Sat Jan  4 14:18:46 2020...
